2016-11-29 20:49:05,928 - code.misc.logger - INFO - loaded 5 POIs from ../data/test/at_poi.geojson
2016-11-29 20:49:05,928 - code.misc.logger - INFO - loaded 5 POIs from ../data/test/at_poi.geojson
2016-11-29 20:49:05,928 - code.misc.logger - INFO - loaded 5 POIs from ../data/test/at_poi.geojson
2016-11-29 20:49:05,928 - code.misc.logger - INFO - loaded 5 POIs from ../data/test/at_poi.geojson
2016-11-29 20:49:05,928 - code.misc.logger - INFO - loaded 5 POIs from ../data/test/at_poi.geojson
2016-11-29 20:49:05,988 - code.misc.logger - INFO - loaded 6 BUFFs from ../data/test/at_buffers.geojson
2016-11-29 20:49:05,988 - code.misc.logger - INFO - loaded 6 BUFFs from ../data/test/at_buffers.geojson
2016-11-29 20:49:05,988 - code.misc.logger - INFO - loaded 6 BUFFs from ../data/test/at_buffers.geojson
2016-11-29 20:49:05,988 - code.misc.logger - INFO - loaded 6 BUFFs from ../data/test/at_buffers.geojson
2016-11-29 20:49:05,988 - code.misc.logger - INFO - loaded 6 BUFFs from ../data/test/at_buffers.geojson
2016-11-29 20:49:46,095 - code.misc.logger - INFO - loaded 5 POIs from ../data/test/at_poi.geojson
2016-11-29 20:49:46,095 - code.misc.logger - INFO - loaded 5 POIs from ../data/test/at_poi.geojson
2016-11-29 20:49:46,144 - code.misc.logger - INFO - loaded 6 BUFFs from ../data/test/at_buffers.geojson
2016-11-29 20:49:46,144 - code.misc.logger - INFO - loaded 6 BUFFs from ../data/test/at_buffers.geojson
2016-11-29 20:49:46,151 - code.misc.logger - INFO - loaded 3 REGIONSs from ../data/test/at_regions.geojson
2016-11-29 20:49:46,151 - code.misc.logger - INFO - loaded 3 REGIONSs from ../data/test/at_regions.geojson
2016-11-29 21:24:20,224 - code.misc.logger - INFO - loaded 5 POIs from ../data/test/at_poi.geojson
2016-11-29 21:24:20,254 - code.misc.logger - INFO - loaded 6 BUFFs from ../data/test/at_buffers.geojson
2016-11-29 21:24:20,259 - code.misc.logger - INFO - loaded 3 REGIONSs from ../data/test/at_regions.geojson
2016-11-29 21:24:23,514 - code.misc.logger - INFO -    Pool:2 workers
2016-11-29 21:25:01,796 - code.misc.logger - INFO - loaded 5 POIs from ../data/test/at_poi.geojson
2016-11-29 21:25:01,828 - code.misc.logger - INFO - loaded 6 BUFFs from ../data/test/at_buffers.geojson
2016-11-29 21:25:01,835 - code.misc.logger - INFO - loaded 3 REGIONSs from ../data/test/at_regions.geojson
2016-11-29 21:28:50,111 - code.misc.logger - INFO - loaded 5 POIs from ../data/test/at_poi.geojson
2016-11-29 21:28:50,111 - code.misc.logger - INFO - loaded 5 POIs from ../data/test/at_poi.geojson
2016-11-29 21:28:50,166 - code.misc.logger - INFO - loaded 6 BUFFs from ../data/test/at_buffers.geojson
2016-11-29 21:28:50,166 - code.misc.logger - INFO - loaded 6 BUFFs from ../data/test/at_buffers.geojson
2016-11-29 21:28:50,172 - code.misc.logger - INFO - loaded 3 REGIONSs from ../data/test/at_regions.geojson
2016-11-29 21:28:50,172 - code.misc.logger - INFO - loaded 3 REGIONSs from ../data/test/at_regions.geojson
2016-11-29 21:29:10,754 - code.misc.logger - INFO - loaded 5 POIs from ../data/test/at_poi.geojson
2016-11-29 21:29:10,822 - code.misc.logger - INFO - loaded 6 BUFFs from ../data/test/at_buffers.geojson
2016-11-29 21:29:10,827 - code.misc.logger - INFO - loaded 3 REGIONSs from ../data/test/at_regions.geojson
2016-11-29 21:30:20,034 - code.misc.logger - INFO - loaded 5 POIs from ../data/test/at_poi.geojson
2016-11-29 21:30:20,080 - code.misc.logger - INFO - loaded 6 BUFFs from ../data/test/at_buffers.geojson
2016-11-29 21:30:20,087 - code.misc.logger - INFO - loaded 3 REGIONSs from ../data/test/at_regions.geojson
2016-11-29 21:35:06,622 - code.misc.logger - INFO - loaded 5 POIs from ../data/test/at_poi.geojson
2016-11-29 21:35:06,622 - code.misc.logger - INFO - loaded 5 POIs from ../data/test/at_poi.geojson
2016-11-29 21:35:06,670 - code.misc.logger - INFO - loaded 6 BUFFs from ../data/test/at_buffers.geojson
2016-11-29 21:35:06,670 - code.misc.logger - INFO - loaded 6 BUFFs from ../data/test/at_buffers.geojson
2016-11-29 21:35:06,680 - code.misc.logger - INFO - loaded 3 REGIONSs from ../data/test/at_regions.geojson
2016-11-29 21:35:06,680 - code.misc.logger - INFO - loaded 3 REGIONSs from ../data/test/at_regions.geojson
2016-11-29 21:35:42,897 - code.misc.logger - INFO - loaded 5 POIs from ../data/test/at_poi.geojson
2016-11-29 21:35:42,923 - code.misc.logger - INFO - loaded 6 BUFFs from ../data/test/at_buffers.geojson
2016-11-29 21:35:42,928 - code.misc.logger - INFO - loaded 3 REGIONSs from ../data/test/at_regions.geojson
2016-11-29 21:35:53,576 - code.misc.logger - INFO - [2, 4, 3, 5, 1]: koefficient 0.8 applied
2016-11-29 21:35:53,582 - code.misc.logger - INFO - []: koefficient 1.0 applied
2016-11-29 21:35:53,586 - code.misc.logger - INFO - []: koefficient 0.1 applied
2016-11-29 21:38:54,436 - code.misc.logger - INFO - [2, 4, 3]: koefficient 0.8 applied
2016-11-29 21:38:54,441 - code.misc.logger - INFO - [5, 1]: koefficient 1.0 applied
2016-11-29 21:38:54,445 - code.misc.logger - INFO - []: koefficient 0.1 applied
2016-11-29 21:42:18,655 - code.misc.logger - INFO - loaded 5 POIs from ../data/test/at_poi.geojson
2016-11-29 21:42:18,689 - code.misc.logger - INFO - loaded 6 BUFFs from ../data/test/at_buffers.geojson
2016-11-29 21:42:18,722 - code.misc.logger - INFO - loaded 3 REGIONSs from ../data/test/at_regions.geojson
2016-11-29 21:42:41,886 - code.misc.logger - INFO - [2, 4, 3]: koefficient 0.8 applied
2016-11-29 21:42:41,890 - code.misc.logger - INFO - [5, 1]: koefficient 1.0 applied
2016-11-29 21:42:41,895 - code.misc.logger - INFO - []: koefficient 0.1 applied
2016-11-29 21:42:53,777 - code.misc.logger - INFO - [2, 4, 3]: koefficient 0.8 applied
2016-11-29 21:42:53,782 - code.misc.logger - INFO - [5, 1]: koefficient 1.0 applied
2016-11-29 21:42:53,787 - code.misc.logger - INFO - []: koefficient 0.1 applied
2016-11-29 21:46:31,458 - code.misc.logger - INFO - [3, 3, 5, 5, 5, 1, 1, 2, 2, 4]: koefficient 0.8 applied
2016-11-29 21:46:31,463 - code.misc.logger - INFO - []: koefficient 1.0 applied
2016-11-29 21:46:31,468 - code.misc.logger - INFO - []: koefficient 0.1 applied
2016-11-29 21:47:04,466 - code.misc.logger - INFO - [3, 3, 5, 5, 5, 1, 1, 2, 2, 4]: koefficient 0.8 applied
2016-11-29 21:47:04,471 - code.misc.logger - INFO - []: koefficient 1.0 applied
2016-11-29 21:47:04,475 - code.misc.logger - INFO - []: koefficient 0.1 applied
2016-11-29 21:52:13,301 - code.misc.logger - INFO - [3, 3, 5, 5, 5, 1, 1, 2, 2, 4]: koefficient 0.8 applied
2016-11-29 21:52:13,305 - code.misc.logger - INFO - []: koefficient 1.0 applied
2016-11-29 21:52:13,309 - code.misc.logger - INFO - []: koefficient 0.1 applied
2016-11-29 22:18:15,935 - code.misc.logger - INFO - loaded 5 POIs from ../data/test/at_poi.geojson
2016-11-29 22:18:15,962 - code.misc.logger - INFO - loaded 6 BUFFs from ../data/test/at_buffers.geojson
2016-11-29 22:18:15,969 - code.misc.logger - INFO - loaded 3 REGIONSs from ../data/test/at_regions.geojson
2016-11-29 22:20:44,252 - code.misc.logger - INFO - loaded 5 POIs from ../data/test/at_poi.geojson
2016-11-29 22:20:44,312 - code.misc.logger - INFO - loaded 6 BUFFs from ../data/test/at_buffers.geojson
2016-11-29 22:20:44,318 - code.misc.logger - INFO - loaded 3 REGIONSs from ../data/test/at_regions.geojson
2016-11-29 22:26:06,933 - code.misc.logger - INFO - loaded 5 POIs from ../data/test/at_poi.geojson
2016-11-29 22:26:06,980 - code.misc.logger - INFO - loaded 6 BUFFs from ../data/test/at_buffers.geojson
2016-11-29 22:26:07,112 - code.misc.logger - INFO - loaded 3 REGIONSs from ../data/test/at_regions.geojson
2016-11-29 22:27:08,487 - code.misc.logger - INFO - loaded 5 POIs from ../data/test/at_poi.geojson
2016-11-29 22:27:08,514 - code.misc.logger - INFO - loaded 6 BUFFs from ../data/test/at_buffers.geojson
2016-11-29 22:27:08,520 - code.misc.logger - INFO - loaded 3 REGIONSs from ../data/test/at_regions.geojson
2016-11-29 22:28:22,670 - code.misc.logger - INFO - loaded 5 POIs from ../data/test/at_poi.geojson
2016-11-29 22:28:22,761 - code.misc.logger - INFO - loaded 6 BUFFs from ../data/test/at_buffers.geojson
2016-11-29 22:28:22,768 - code.misc.logger - INFO - loaded 3 REGIONSs from ../data/test/at_regions.geojson
2016-11-29 22:30:53,680 - code.misc.logger - INFO - loaded 5 POIs from ../data/test/at_poi.geojson
2016-11-29 22:30:53,719 - code.misc.logger - INFO - loaded 6 BUFFs from ../data/test/at_buffers.geojson
2016-11-29 22:30:53,742 - code.misc.logger - INFO - loaded 3 REGIONSs from ../data/test/at_regions.geojson
2016-11-29 22:31:43,238 - code.misc.logger - INFO - loaded 5 POIs from ../data/test/at_poi.geojson
2016-11-29 22:31:43,368 - code.misc.logger - INFO - loaded 6 BUFFs from ../data/test/at_buffers.geojson
2016-11-29 22:31:43,374 - code.misc.logger - INFO - loaded 3 REGIONSs from ../data/test/at_regions.geojson
2016-11-29 22:32:21,591 - code.misc.logger - INFO - loaded 5 POIs from ../data/test/at_poi.geojson
2016-11-29 22:32:21,704 - code.misc.logger - INFO - loaded 6 BUFFs from ../data/test/at_buffers.geojson
2016-11-29 22:32:21,709 - code.misc.logger - INFO - loaded 3 REGIONSs from ../data/test/at_regions.geojson
2016-11-29 22:32:26,806 - code.misc.logger - INFO - [3, 2, 1, 2, 3, 1, 2, 1, 2, 1, 1, 2, 3, 3, 3]: koefficient 0.8 applied
2016-11-29 22:32:26,809 - code.misc.logger - INFO - []: koefficient 1.0 applied
2016-11-29 22:32:26,812 - code.misc.logger - INFO - []: koefficient 0.2 applied
2016-11-29 22:32:26,814 - code.misc.logger - INFO - []: koefficient 0.1 applied
2016-11-29 22:33:11,676 - code.misc.logger - INFO - [2, 4, 3]: koefficient 0.8 applied
2016-11-29 22:33:11,680 - code.misc.logger - INFO - [5, 1]: koefficient 1.0 applied
2016-11-29 22:33:11,684 - code.misc.logger - INFO - []: koefficient 0.2 applied
2016-11-29 22:33:11,688 - code.misc.logger - INFO - []: koefficient 0.1 applied
2016-11-29 22:33:13,712 - code.misc.logger - INFO - [3, 3, 5, 5, 5, 1, 1, 2, 2, 4]: koefficient 0.8 applied
2016-11-29 22:33:13,716 - code.misc.logger - INFO - []: koefficient 1.0 applied
2016-11-29 22:33:13,719 - code.misc.logger - INFO - []: koefficient 0.2 applied
2016-11-29 22:33:13,722 - code.misc.logger - INFO - []: koefficient 0.1 applied
2016-11-29 22:33:16,020 - code.misc.logger - INFO - [3, 3, 5, 5, 5, 1, 1, 2, 2, 4]: koefficient 0.8 applied
2016-11-29 22:33:16,022 - code.misc.logger - INFO - []: koefficient 1.0 applied
2016-11-29 22:33:16,025 - code.misc.logger - INFO - []: koefficient 0.2 applied
2016-11-29 22:33:16,028 - code.misc.logger - INFO - []: koefficient 0.1 applied
2016-11-29 22:35:47,192 - code.misc.logger - INFO - loaded 5 POIs from ../data/test/at_poi.geojson
2016-11-29 22:35:47,219 - code.misc.logger - INFO - loaded 6 BUFFs from ../data/test/at_buffers.geojson
2016-11-29 22:35:47,226 - code.misc.logger - INFO - loaded 3 REGIONSs from ../data/test/at_regions.geojson
2016-11-29 22:36:40,281 - code.misc.logger - INFO - loaded 5 POIs from ../data/test/at_poi.geojson
2016-11-29 22:36:40,353 - code.misc.logger - INFO - loaded 6 BUFFs from ../data/test/at_buffers.geojson
2016-11-29 22:36:40,359 - code.misc.logger - INFO - loaded 3 REGIONSs from ../data/test/at_regions.geojson
2016-11-29 22:36:46,494 - code.misc.logger - INFO - [2, 4, 3]: koefficient 0.8 applied
2016-11-29 22:36:46,502 - code.misc.logger - INFO - [5, 1]: koefficient 1.0 applied
2016-11-29 22:36:46,508 - code.misc.logger - INFO - []: koefficient 0.2 applied
2016-11-29 22:36:46,512 - code.misc.logger - INFO - []: koefficient 0.1 applied
2016-11-29 22:36:48,793 - code.misc.logger - INFO - [3, 3, 5, 5, 5, 1, 1, 2, 2, 4]: koefficient 0.8 applied
2016-11-29 22:36:48,798 - code.misc.logger - INFO - []: koefficient 1.0 applied
2016-11-29 22:36:48,800 - code.misc.logger - INFO - []: koefficient 0.2 applied
2016-11-29 22:36:48,802 - code.misc.logger - INFO - []: koefficient 0.1 applied
2016-11-29 22:37:19,984 - code.misc.logger - INFO - [3, 3, 5, 5, 5, 1, 1, 2, 2, 4]: koefficient 0.8 applied
2016-11-29 22:37:19,992 - code.misc.logger - INFO - []: koefficient 1.0 applied
2016-11-29 22:37:19,998 - code.misc.logger - INFO - []: koefficient 0.2 applied
2016-11-29 22:37:20,003 - code.misc.logger - INFO - []: koefficient 0.1 applied
2016-11-29 22:37:38,448 - code.misc.logger - INFO - [3, 2, 1, 2, 3, 1, 2, 1, 2, 1, 1, 2, 3, 3, 3]: koefficient 0.8 applied
2016-11-29 22:37:38,451 - code.misc.logger - INFO - []: koefficient 1.0 applied
2016-11-29 22:37:38,454 - code.misc.logger - INFO - []: koefficient 0.2 applied
2016-11-29 22:37:38,457 - code.misc.logger - INFO - []: koefficient 0.1 applied
2016-11-29 23:43:02,347 - code.misc.logger - INFO - loaded 5 POIs from ../data/test/at_poi.geojson
2016-11-29 23:43:02,376 - code.misc.logger - INFO - loaded 6 BUFFs from ../data/test/at_buffers.geojson
2016-11-29 23:43:02,386 - code.misc.logger - INFO - loaded 3 REGIONSs from ../data/test/at_regions.geojson
2016-11-29 23:43:10,973 - code.misc.logger - INFO - [2, 4, 3]: koefficient 0.8 applied
2016-11-29 23:43:10,977 - code.misc.logger - INFO - [5, 1]: koefficient 1.0 applied
2016-11-29 23:43:10,983 - code.misc.logger - INFO - []: koefficient 0.2 applied
2016-11-29 23:43:10,988 - code.misc.logger - INFO - []: koefficient 0.1 applied
2016-11-29 23:43:17,573 - code.misc.logger - INFO - [3, 3, 5, 5, 5, 1, 1, 2, 2, 4]: koefficient 0.8 applied
2016-11-29 23:43:17,579 - code.misc.logger - INFO - []: koefficient 1.0 applied
2016-11-29 23:43:17,583 - code.misc.logger - INFO - []: koefficient 0.2 applied
2016-11-29 23:43:17,587 - code.misc.logger - INFO - []: koefficient 0.1 applied
2016-11-29 23:45:03,769 - code.misc.logger - INFO - [2, 4, 3]: koefficient 0.8 applied
2016-11-29 23:45:03,774 - code.misc.logger - INFO - [5, 1]: koefficient 1.0 applied
2016-11-29 23:45:03,778 - code.misc.logger - INFO - []: koefficient 0.2 applied
2016-11-29 23:45:03,783 - code.misc.logger - INFO - []: koefficient 0.1 applied
2016-11-29 23:45:53,067 - code.misc.logger - INFO - loaded 5 POIs from ../data/test/at_poi.geojson
2016-11-29 23:45:53,094 - code.misc.logger - INFO - loaded 6 BUFFs from ../data/test/at_buffers.geojson
2016-11-29 23:45:53,101 - code.misc.logger - INFO - loaded 3 REGIONSs from ../data/test/at_regions.geojson
2016-11-29 23:46:09,731 - code.misc.logger - INFO - [2, 4, 3]: koefficient 0.8 applied
2016-11-29 23:46:09,736 - code.misc.logger - INFO - [5, 1]: koefficient 1.0 applied
2016-11-29 23:46:09,741 - code.misc.logger - INFO - []: koefficient 0.2 applied
2016-11-29 23:46:09,745 - code.misc.logger - INFO - []: koefficient 0.1 applied
2016-11-29 23:46:52,718 - code.misc.logger - INFO - [3, 3, 5, 5, 5, 1, 1, 2, 2, 4]: koefficient 0.8 applied
2016-11-29 23:46:52,722 - code.misc.logger - INFO - []: koefficient 1.0 applied
2016-11-29 23:46:52,726 - code.misc.logger - INFO - []: koefficient 0.2 applied
2016-11-29 23:46:52,729 - code.misc.logger - INFO - []: koefficient 0.1 applied
2016-11-29 23:50:07,583 - code.misc.logger - INFO - loaded 5 POIs from ../data/test/at_poi.geojson
2016-11-29 23:50:07,608 - code.misc.logger - INFO - loaded 6 BUFFs from ../data/test/at_buffers.geojson
2016-11-29 23:50:07,613 - code.misc.logger - INFO - loaded 3 REGIONSs from ../data/test/at_regions.geojson
2016-11-30 00:18:31,699 - code.misc.logger - INFO - loaded 5 POIs from ../data/test/at_poi.geojson
2016-11-30 00:18:31,727 - code.misc.logger - INFO - loaded 6 BUFFs from ../data/test/at_buffers.geojson
2016-11-30 00:18:31,733 - code.misc.logger - INFO - loaded 3 REGIONSs from ../data/test/at_regions.geojson
2016-11-30 00:20:26,490 - code.misc.logger - INFO - loaded 5 POIs from ../data/test/at_poi.geojson
2016-11-30 00:20:26,521 - code.misc.logger - INFO - loaded 6 BUFFs from ../data/test/at_buffers.geojson
2016-11-30 00:20:26,529 - code.misc.logger - INFO - loaded 3 REGIONSs from ../data/test/at_regions.geojson
2016-11-30 00:21:12,418 - code.misc.logger - INFO - loaded 5 POIs from ../data/test/at_poi.geojson
2016-11-30 00:21:12,453 - code.misc.logger - INFO - loaded 6 BUFFs from ../data/test/at_buffers.geojson
2016-11-30 00:21:12,460 - code.misc.logger - INFO - loaded 3 REGIONSs from ../data/test/at_regions.geojson
2016-11-30 00:22:11,818 - code.misc.logger - INFO - loaded 5 POIs from ../data/test/at_poi.geojson
2016-11-30 00:22:11,848 - code.misc.logger - INFO - loaded 6 BUFFs from ../data/test/at_buffers.geojson
2016-11-30 00:22:11,857 - code.misc.logger - INFO - loaded 3 REGIONSs from ../data/test/at_regions.geojson
2016-11-30 00:22:18,620 - code.misc.logger - INFO - loaded 5 POIs from ../data/test/at_poi.geojson
2016-11-30 00:22:18,654 - code.misc.logger - INFO - loaded 6 BUFFs from ../data/test/at_buffers.geojson
2016-11-30 00:22:18,661 - code.misc.logger - INFO - loaded 3 REGIONSs from ../data/test/at_regions.geojson
2016-11-30 00:23:05,476 - code.misc.logger - INFO - loaded 5 POIs from ../data/test/at_poi.geojson
2016-11-30 00:23:05,506 - code.misc.logger - INFO - loaded 6 BUFFs from ../data/test/at_buffers.geojson
2016-11-30 00:23:05,512 - code.misc.logger - INFO - loaded 3 REGIONSs from ../data/test/at_regions.geojson
2016-11-30 00:23:16,702 - code.misc.logger - INFO - loaded 5 POIs from ../data/test/at_poi.geojson
2016-11-30 00:23:16,732 - code.misc.logger - INFO - loaded 6 BUFFs from ../data/test/at_buffers.geojson
2016-11-30 00:23:16,783 - code.misc.logger - INFO - loaded 3 REGIONSs from ../data/test/at_regions.geojson
2016-11-30 00:23:22,415 - code.misc.logger - INFO - [2, 4, 3]: koefficient 0.8 applied
2016-11-30 00:23:22,423 - code.misc.logger - INFO - [5, 1]: koefficient 1.0 applied
2016-11-30 00:23:22,429 - code.misc.logger - INFO - []: koefficient 0.2 applied
2016-11-30 00:23:22,436 - code.misc.logger - INFO - []: koefficient 0.1 applied
2016-11-30 00:23:28,425 - code.misc.logger - INFO - [3, 3, 5, 5, 5, 2, 2, 4, 1]: koefficient 0.8 applied
2016-11-30 00:23:28,433 - code.misc.logger - INFO - [1]: koefficient 1.0 applied
2016-11-30 00:23:28,440 - code.misc.logger - INFO - []: koefficient 0.2 applied
2016-11-30 00:23:28,446 - code.misc.logger - INFO - []: koefficient 0.1 applied
2016-11-30 00:31:42,083 - code.misc.logger - INFO - [3, 3, 5, 5, 5, 2, 2, 4, 1]: koefficient 0.8 applied
2016-11-30 00:31:42,087 - code.misc.logger - INFO - [1]: koefficient 1.0 applied
2016-11-30 00:31:42,090 - code.misc.logger - INFO - []: koefficient 0.2 applied
2016-11-30 00:31:42,093 - code.misc.logger - INFO - []: koefficient 0.1 applied
2016-11-30 10:07:17,936 - code.misc.logger - INFO - loaded 5 POIs from ../data/test/at_poi.geojson
2016-11-30 10:07:17,979 - code.misc.logger - INFO - loaded 6 BUFFs from ../data/test/at_buffers.geojson
2016-11-30 10:07:17,989 - code.misc.logger - INFO - loaded 3 REGIONSs from ../data/test/at_regions.geojson
2016-11-30 10:15:23,960 - code.misc.logger - INFO - loaded 5 POIs from ../data/test/at_poi.geojson
2016-11-30 10:15:23,978 - code.misc.logger - INFO - loaded 6 BUFFs from ../data/test/at_buffers.geojson
2016-11-30 10:15:23,983 - code.misc.logger - INFO - loaded 3 REGIONSs from ../data/test/at_regions.geojson
2016-11-30 10:38:02,071 - code.misc.logger - INFO - loaded 5 POIs from ../data/test/at_poi.geojson
2016-11-30 10:38:02,087 - code.misc.logger - INFO - loaded 6 BUFFs from ../data/test/at_buffers.geojson
2016-11-30 10:38:02,092 - code.misc.logger - INFO - loaded 3 REGIONSs from ../data/test/at_regions.geojson
2016-11-30 10:38:39,643 - code.misc.logger - INFO - loaded 5 POIs from ../data/test/at_poi.geojson
2016-11-30 10:38:39,660 - code.misc.logger - INFO - loaded 6 BUFFs from ../data/test/at_buffers.geojson
2016-11-30 10:38:39,665 - code.misc.logger - INFO - loaded 3 REGIONSs from ../data/test/at_regions.geojson
2016-11-30 10:57:11,427 - code.misc.logger - INFO - [3, 3, 5, 5, 5, 2, 2, 4, 1]: koefficient 0.8 applied
2016-11-30 10:57:11,429 - code.misc.logger - INFO - [1]: koefficient 1.0 applied
2016-11-30 10:57:11,433 - code.misc.logger - INFO - []: koefficient 0.2 applied
2016-11-30 10:57:11,436 - code.misc.logger - INFO - []: koefficient 0.1 applied
